2019-10-09T11:46:17.171+0800	info	DefaultLogger init success
2019-10-09T11:46:27.586+0800	info	success	{"line": 47}
2019-10-09T11:47:51.990+0800	info	DefaultLogger init success
2019-10-09T11:48:21.405+0800	info	success
2019-10-09T11:48:24.325+0800	info	success
2019-10-09T11:54:32.950+0800	info	DefaultLogger init success
2019-10-09T11:54:40.485+0800	info	success	{"status": "获取商户成功"}
2019-10-09T14:03:24.639+0800	info	success	{"status": "获取商户成功"}
2019-10-09T14:04:05.237+0800	info	success	{"status": "获取商户成功"}
2019-10-09T14:27:02.322+0800	info	DefaultLogger init success
2019-10-09T14:27:12.114+0800	info	success	{"status": "获取商户成功"}
2019-10-09T14:27:25.929+0800	info	success	{"status": "获取商户成功"}
2019-10-09T14:28:32.092+0800	info	DefaultLogger init success
2019-10-09T17:49:05.832+0800	info	DefaultLogger init success
2019-10-10T17:39:26.973+0800	info	DefaultLogger init success
2019-10-10T17:39:36.178+0800	info	success	{"status": "获取商户成功"}
2019-10-10T18:00:19.037+0800	info	success	{"status": "获取商户成功"}
2019-10-10T19:39:40.811+0800	info	DefaultLogger init success
2019-10-10T19:40:59.010+0800	info	DefaultLogger init success
2019-10-10T20:03:21.690+0800	info	DefaultLogger init success
2019-10-10T20:17:51.175+0800	info	DefaultLogger init success
2019-10-11T19:01:04.424+0800	info	DefaultLogger init success
2019-10-11T19:04:44.324+0800	info	success	{"status": "登录成功"}
2019-10-11T19:06:30.523+0800	info	DefaultLogger init success
2019-10-11T19:06:38.139+0800	info	success	{"status": "登录成功"}
2019-10-11T19:44:10.678+0800	info	DefaultLogger init success
2019-10-11T19:44:25.526+0800	info	success	{"status": "登录成功"}
2019-10-11T19:45:23.559+0800	info	success	{"status": "登录成功"}
2019-10-11T19:48:22.028+0800	info	success	{"status": "登录成功"}
2019-10-11T19:50:00.143+0800	info	success	{"status": "获取商户成功"}
2019-10-11T19:50:22.566+0800	info	success	{"status": "获取商户成功"}
2019-10-11T19:57:57.987+0800	info	DefaultLogger init success
2019-10-11T20:02:57.861+0800	info	DefaultLogger init success
2019-10-11T20:03:03.316+0800	info	success	{"status": "获取商户成功"}
2019-10-11T20:04:57.303+0800	info	DefaultLogger init success
2019-10-11T20:05:22.827+0800	info	DefaultLogger init success
2019-10-11T20:06:05.852+0800	info	DefaultLogger init success
2019-10-11T20:06:45.430+0800	info	DefaultLogger init success
2019-10-11T20:06:59.012+0800	info	success	{"status": "获取商户成功"}
2019-10-11T20:49:30.676+0800	info	DefaultLogger init success
2019-10-11T20:49:34.173+0800	info	success	{"status": "获取商户成功"}
2019-10-11T20:50:27.377+0800	info	success	{"status": "获取商户成功"}
2019-10-12T11:53:37.458+0800	info	DefaultLogger init success
2019-10-12T13:58:57.388+0800	info	DefaultLogger init success
2019-10-12T14:44:20.519+0800	info	DefaultLogger init success
2019-10-12T15:29:36.966+0800	info	DefaultLogger init success
2019-10-12T15:44:17.283+0800	info	DefaultLogger init success
2019-10-14T09:59:36.842+0800	info	DefaultLogger init success
2019-10-14T11:02:34.369+0800	info	DefaultLogger init success
2019-10-14T11:25:51.570+0800	info	DefaultLogger init success
2019-10-14T11:38:50.897+0800	info	DefaultLogger init success
2019-10-14T11:52:28.570+0800	info	DefaultLogger init success
2019-10-14T11:52:52.091+0800	info	success	{"status": "登录成功"}
2019-10-14T14:18:37.369+0800	info	DefaultLogger init success
2019-10-14T14:18:49.526+0800	info	success	{"status": "登录成功"}
2019-10-14T14:50:51.368+0800	info	success	{"status": "登录成功"}
2019-10-14T14:56:18.889+0800	info	success	{"status": "登录成功"}
2019-10-14T15:05:06.991+0800	info	success	{"status": "登录成功"}
2019-10-14T15:27:03.554+0800	info	success	{"status": "登录成功"}
2019-10-14T15:36:56.605+0800	info	success	{"status": "登录成功"}
2019-10-14T15:37:12.172+0800	info	success	{"status": "登录成功"}
2019-10-14T15:41:41.430+0800	info	DefaultLogger init success
2019-10-14T15:41:54.159+0800	info	success	{"status": "登录成功"}
2019-10-14T15:50:15.282+0800	info	DefaultLogger init success
2019-10-14T17:10:15.074+0800	info	DefaultLogger init success
2019-10-14T17:11:09.625+0800	info	DefaultLogger init success
2019-10-14T17:12:46.121+0800	info	DefaultLogger init success
2019-10-14T17:15:56.876+0800	info	DefaultLogger init success
2019-10-14T17:19:33.878+0800	info	success	{"status": "注册成功"}
2019-10-14T17:20:28.076+0800	info	success	{"status": "登录成功"}
2019-10-14T17:34:57.001+0800	info	DefaultLogger init success
2019-10-14T17:35:22.798+0800	info	success	{"status": "登录成功"}
2019-10-14T17:43:59.089+0800	info	DefaultLogger init success
2019-10-14T17:45:23.356+0800	info	success	{"status": "登录成功"}
2019-10-14T17:47:45.802+0800	info	success	{"status": "登录成功"}
2019-10-14T17:47:50.230+0800	info	success	{"status": "登录成功"}
2019-10-14T17:49:26.819+0800	info	success	{"status": "登录成功"}
2019-10-14T17:49:28.918+0800	info	success	{"status": "获取用户信息成功"}
2019-10-15T09:13:04.934+0800	info	DefaultLogger init success
2019-10-15T09:26:54.942+0800	info	success	{"status": "获取用户信息成功"}
2019-10-15T09:27:15.173+0800	info	success	{"status": "获取用户信息成功"}
2019-10-15T09:27:58.098+0800	info	success	{"status": "登录成功"}
2019-10-15T09:28:00.187+0800	info	success	{"status": "获取用户信息成功"}
2019-10-15T09:28:07.825+0800	info	success	{"status": "获取用户信息成功"}
2019-10-15T09:29:10.869+0800	info	success	{"status": "获取用户信息成功"}
2019-10-15T09:29:25.481+0800	info	success	{"status": "获取用户信息成功"}
2019-10-15T09:49:02.263+0800	info	DefaultLogger init success
2019-10-15T09:52:55.749+0800	info	DefaultLogger init success
2019-10-15T09:55:21.159+0800	info	DefaultLogger init success
2019-10-15T09:55:48.161+0800	info	DefaultLogger init success
2019-10-15T10:15:22.728+0800	info	DefaultLogger init success
2019-10-15T10:28:30.172+0800	info	DefaultLogger init success
2019-10-15T10:29:34.665+0800	info	DefaultLogger init success
2019-10-15T10:41:15.804+0800	info	success	{"status": "登录成功"}
2019-10-15T10:43:39.297+0800	info	DefaultLogger init success
2019-10-15T10:44:19.430+0800	info	success	{"status": "登录成功"}
2019-10-15T10:45:47.018+0800	info	success	{"status": "登录成功"}
2019-10-15T10:45:49.184+0800	info	success	{"status": "获取用户信息成功"}
2019-10-15T10:53:29.651+0800	info	DefaultLogger init success
2019-10-15T10:53:49.810+0800	info	success	{"status": "登录成功"}
2019-10-15T10:53:51.937+0800	info	success	{"status": "获取用户信息成功"}
2019-10-15T14:23:49.620+0800	info	DefaultLogger init success
2019-10-15T14:23:54.480+0800	info	success	{"status": "登录成功"}
2019-10-15T14:23:56.595+0800	info	success	{"status": "获取用户信息成功"}
2019-10-15T14:24:24.365+0800	info	success	{"status": "注册成功"}
2019-10-15T14:24:34.793+0800	info	success	{"status": "登录成功"}
2019-10-15T14:24:36.890+0800	info	success	{"status": "获取用户信息成功"}
2019-10-15T14:30:43.631+0800	info	success	{"status": "获取用户信息成功"}
2019-10-15T14:48:48.030+0800	info	success	{"status": "登录成功"}
2019-10-15T14:48:50.129+0800	info	success	{"status": "获取用户信息成功"}
2019-10-15T14:49:49.914+0800	info	success	{"status": "获取用户信息成功"}
2019-10-15T14:49:58.546+0800	info	success	{"status": "获取用户信息成功"}
2019-10-15T14:56:02.422+0800	info	success	{"status": "获取用户信息成功"}
2019-10-15T14:57:48.552+0800	info	success	{"status": "获取用户信息成功"}
2019-10-15T15:25:13.936+0800	info	success	{"status": "获取用户信息成功"}
2019-10-15T15:26:58.513+0800	info	success	{"status": "获取用户信息成功"}
2019-10-15T15:27:02.153+0800	info	success	{"status": "获取用户信息成功"}
2019-10-15T15:38:32.375+0800	info	success	{"status": "获取用户信息成功"}
2019-10-15T15:39:42.128+0800	info	success	{"status": "获取用户信息成功"}
2019-10-15T15:40:32.742+0800	error	error	{"status": "登录失败，token存缓存出错"}
2019-10-15T15:41:47.833+0800	error	error	{"status": "登录失败，token存缓存出错"}
2019-10-15T15:42:31.573+0800	error	error	{"status": "登录失败，token存缓存出错"}
2019-10-15T15:45:07.612+0800	info	DefaultLogger init success
2019-10-15T15:45:10.609+0800	info	success	{"status": "登录成功"}
2019-10-15T15:45:12.727+0800	info	success	{"status": "获取用户信息成功"}
2019-10-15T15:45:46.209+0800	info	success	{"status": "登录成功"}
2019-10-15T15:45:48.316+0800	info	success	{"status": "获取用户信息成功"}
2019-10-15T15:53:20.664+0800	info	success	{"status": "获取用户信息成功"}
2019-10-15T15:53:57.803+0800	info	success	{"status": "获取用户信息成功"}
2019-10-15T15:56:09.943+0800	info	success	{"status": "获取用户信息成功"}
2019-10-15T15:56:39.635+0800	info	success	{"status": "获取用户信息成功"}
2019-10-15T16:04:30.039+0800	info	success	{"status": "登录成功"}
2019-10-15T16:04:32.154+0800	info	success	{"status": "获取用户信息成功"}
2019-10-15T16:07:30.429+0800	info	success	{"status": "获取用户信息成功"}
2019-10-15T16:07:42.151+0800	info	success	{"status": "获取用户信息成功"}
2019-10-15T16:11:11.226+0800	info	success	{"status": "获取用户信息成功"}
2019-10-15T16:11:28.489+0800	info	success	{"status": "获取用户信息成功"}
2019-10-15T16:24:10.189+0800	info	success	{"status": "获取用户信息成功"}
2019-10-15T16:25:01.405+0800	info	success	{"status": "获取用户信息成功"}
2019-10-15T16:25:03.657+0800	info	success	{"status": "获取用户信息成功"}
2019-10-15T16:25:09.033+0800	info	success	{"status": "获取用户信息成功"}
2019-10-15T16:36:46.493+0800	error	error	{"status": "登录失败，token存缓存出错"}
2019-10-15T16:36:57.544+0800	error	error	{"status": "登录失败，token存缓存出错"}
2019-10-15T16:37:15.870+0800	info	DefaultLogger init success
2019-10-15T16:37:18.713+0800	info	success	{"status": "登录成功"}
2019-10-15T16:37:20.824+0800	info	success	{"status": "获取用户信息成功"}
2019-10-15T16:37:48.018+0800	info	success	{"status": "获取用户信息成功"}
2019-10-15T16:38:01.513+0800	info	success	{"status": "获取用户信息成功"}
2019-10-15T16:40:28.511+0800	info	success	{"status": "获取用户信息成功"}
2019-10-15T16:40:46.836+0800	info	success	{"status": "获取用户信息成功"}
2019-10-15T16:40:51.629+0800	info	success	{"status": "获取用户信息成功"}
2019-10-15T16:41:09.776+0800	info	success	{"status": "获取用户信息成功"}
2019-10-15T16:42:29.247+0800	info	success	{"status": "获取用户信息成功"}
2019-10-15T16:42:33.384+0800	info	success	{"status": "获取用户信息成功"}
2019-10-15T16:42:39.014+0800	info	success	{"status": "获取用户信息成功"}
2019-10-15T16:42:56.332+0800	info	success	{"status": "获取用户信息成功"}
2019-10-15T16:44:13.702+0800	info	success	{"status": "获取用户信息成功"}
2019-10-15T16:44:27.411+0800	info	success	{"status": "获取用户信息成功"}
2019-10-15T16:45:16.319+0800	error	error	{"status": "登录失败，token存缓存出错"}
2019-10-15T16:45:28.494+0800	error	error	{"status": "登录失败，token存缓存出错"}
2019-10-15T16:49:50.169+0800	info	DefaultLogger init success
2019-10-15T16:49:55.822+0800	info	success	{"status": "登录成功"}
2019-10-15T16:49:57.923+0800	info	success	{"status": "获取用户信息成功"}
2019-10-15T16:50:47.326+0800	info	success	{"status": "登录成功"}
2019-10-15T16:50:49.414+0800	info	success	{"status": "获取用户信息成功"}
2019-10-15T16:51:13.674+0800	info	success	{"status": "获取用户信息成功"}
2019-10-15T16:57:53.090+0800	info	success	{"status": "获取用户信息成功"}
2019-10-15T17:12:44.668+0800	info	success	{"status": "获取用户信息成功"}
2019-10-15T17:13:40.735+0800	info	success	{"status": "获取用户信息成功"}
2019-10-15T17:23:23.900+0800	info	success	{"status": "获取用户信息成功"}
2019-10-15T17:28:36.452+0800	info	success	{"status": "获取用户信息成功"}
2019-10-15T17:32:24.598+0800	info	success	{"status": "获取用户信息成功"}
2019-10-15T17:33:55.489+0800	info	success	{"status": "获取用户信息成功"}
2019-10-15T17:34:17.081+0800	error	error	{"status": "登录失败，token存缓存出错"}
2019-10-15T17:35:18.839+0800	info	DefaultLogger init success
2019-10-15T17:35:22.050+0800	info	success	{"status": "登录成功"}
2019-10-15T17:35:24.155+0800	info	success	{"status": "获取用户信息成功"}
2019-10-15T17:35:53.568+0800	info	success	{"status": "获取用户信息成功"}
2019-10-15T17:37:39.546+0800	info	success	{"status": "获取用户信息成功"}
2019-10-15T17:49:46.956+0800	info	success	{"status": "获取用户信息成功"}
2019-10-15T17:52:18.289+0800	info	success	{"status": "获取用户信息成功"}
2019-10-15T17:52:33.113+0800	info	success	{"status": "获取用户信息成功"}
2019-10-15T17:54:05.931+0800	info	success	{"status": "获取用户信息成功"}
2019-10-15T17:54:32.697+0800	info	success	{"status": "获取用户信息成功"}
2019-10-15T17:55:15.868+0800	info	success	{"status": "获取用户信息成功"}
2019-10-15T17:55:19.146+0800	info	success	{"status": "获取用户信息成功"}
2019-10-15T17:55:56.836+0800	info	success	{"status": "获取用户信息成功"}
2019-10-15T17:56:55.550+0800	error	error	{"status": "登录失败，token存缓存出错"}
2019-10-15T17:58:25.981+0800	info	DefaultLogger init success
2019-10-15T17:58:29.923+0800	info	success	{"status": "登录成功"}
2019-10-15T17:58:32.025+0800	info	success	{"status": "获取用户信息成功"}
2019-10-15T17:59:44.404+0800	info	success	{"status": "获取用户信息成功"}
2019-10-15T18:03:36.185+0800	info	DefaultLogger init success
2019-10-15T18:04:34.191+0800	info	DefaultLogger init success
2019-10-15T18:07:14.914+0800	info	DefaultLogger init success
2019-10-15T18:08:19.436+0800	info	DefaultLogger init success
2019-10-15T18:08:30.143+0800	info	success	{"status": "获取用户信息成功"}
2019-10-15T18:13:01.626+0800	info	DefaultLogger init success
2019-10-15T18:14:18.998+0800	info	DefaultLogger init success
2019-10-15T18:18:05.743+0800	info	DefaultLogger init success
2019-10-15T18:20:09.514+0800	info	DefaultLogger init success
2019-10-15T18:21:21.654+0800	info	success	{"status": "获取用户信息成功"}
2019-10-15T18:28:54.939+0800	info	DefaultLogger init success
2019-10-15T18:30:49.033+0800	info	DefaultLogger init success
2019-10-15T18:31:58.779+0800	info	success	{"status": "获取用户信息成功"}
2019-10-15T18:33:25.552+0800	info	DefaultLogger init success
2019-10-15T18:33:31.813+0800	info	success	{"status": "获取用户信息成功"}
2019-10-15T18:35:30.133+0800	info	success	{"status": "获取用户信息成功"}
2019-10-15T18:35:36.209+0800	info	success	{"status": "获取用户信息成功"}
2019-10-15T18:35:53.026+0800	info	success	{"status": "获取用户信息成功"}
2019-10-15T18:37:23.483+0800	info	success	{"status": "获取用户信息成功"}
2019-10-15T18:37:50.595+0800	info	success	{"status": "获取用户信息成功"}
2019-10-15T18:37:59.467+0800	info	success	{"status": "获取用户信息成功"}
2019-10-15T19:17:14.793+0800	info	success	{"status": "获取用户信息成功"}
2019-10-15T19:39:25.489+0800	info	success	{"status": "获取用户信息成功"}
2019-10-15T20:57:41.778+0800	info	DefaultLogger init success
2019-10-15T21:01:38.895+0800	info	success	{"status": "头像上传成功"}
