2019-11-20T19:16:18.622+0800	info	success	{"status": "user1注册成功"}
2019-11-20T19:19:20.275+0800	info	success	{"status": "bookm注册成功"}
2019-11-20T19:19:35.502+0800	info	success	{"status": "userm注册成功"}
2019-11-20T19:19:51.320+0800	info	success	{"status": "user1登录成功"}
2019-11-20T19:21:16.332+0800	info	success	{"status": "bookm登录成功"}
2019-11-20T19:22:05.303+0800	info	success	{"status": "userm登录成功"}
2019-11-20T19:25:22.666+0800	info	success	{"status": "bookm登录成功"}
2019-11-20T19:26:33.115+0800	info	success	{"status": "userm登录成功"}
2019-11-20T19:28:47.330+0800	info	success	{"status": "bookm登录成功"}
2019-11-20T20:19:51.474+0800	info	success	{"status": "user1登录成功"}
2019-11-21T09:31:19.448+0800	info	日志系统初始化成功
2019-11-21T09:31:19.454+0800	info	数据库连接成功
2019-11-21T09:31:31.059+0800	info	success	{"status": "user1登录成功"}
2019-11-21T09:32:24.653+0800	info	success	{"status": "bookm登录成功"}
2019-11-21T09:32:59.971+0800	info	success	{"status": "user1借阅《水浒传》成功"}
2019-11-21T09:34:15.726+0800	info	success	{"status": "user1登录成功"}
2019-11-26T11:26:46.819+0800	info	success	{"status": "user1登录成功"}
2019-11-26T15:35:31.702+0800	info	success	{"status": "user1登录成功"}
2019-11-28T12:14:55.225+0800	info	success	{"status": "bookm登录成功"}
2019-11-28T13:02:25.173+0800	info	success	{"status": "bookm登录成功"}
